# JRE version: Java(TM) SE Runtime Environment (7.0_45-b18) (build 1.7.0_45-b18)
# Java VM: Java HotSpot(TM) Server VM (24.45-b08 mixed mode linux-x86 )
Heap
 PSYoungGen      total 139520K, used 27508K [0xa8d80000, 0xb3500000, 0xb3500000)
  eden space 127232K, 12% used [0xa8d80000,0xa9d06248,0xb09c0000)
  from space 12288K, 94% used [0xb09c0000,0xb1516e18,0xb15c0000)
  to   space 14080K, 0% used [0xb2740000,0xb2740000,0xb3500000)
 ParOldGen       total 38400K, used 20580K [0x93f00000, 0x96480000, 0xa8d80000)
  object space 38400K, 53% used [0x93f00000,0x95319090,0x96480000)
 PSPermGen       total 28672K, used 21733K [0x8ff00000, 0x91b00000, 0x93f00000)
  object space 28672K, 75% used [0x8ff00000,0x91439758,0x91b00000)
GC Heap History (10 events):
Event: 10.048 GC heap before
{Heap before GC invocations=6 (full 0):
 PSYoungGen      total 34048K, used 34040K [0xa8d80000, 0xadb00000, 0xb3500000)
  eden space 32768K, 100% used [0xa8d80000,0xaad80000,0xaad80000)
  from space 1280K, 99% used [0xaad80000,0xaaebe268,0xaaec0000)
  to   space 6912K, 0% used [0xad440000,0xad440000,0xadb00000)
 ParOldGen       total 21248K, used 12236K [0x93f00000, 0x953c0000, 0xa8d80000)
  object space 21248K, 57% used [0x93f00000,0x94af31a8,0x953c0000)
 PSPermGen       total 16384K, used 12059K [0x8ff00000, 0x90f00000, 0x93f00000)
  object space 16384K, 73% used [0x8ff00000,0x90ac6fa8,0x90f00000)
Event: 10.088 GC heap after
Heap after GC invocations=6 (full 0):
 PSYoungGen      total 71936K, used 5147K [0xa8d80000, 0xadc00000, 0xb3500000)
  eden space 65024K, 0% used [0xa8d80000,0xa8d80000,0xacd00000)
  from space 6912K, 74% used [0xad440000,0xad946db0,0xadb00000)
  to   space 7424K, 0% used [0xacd00000,0xacd00000,0xad440000)
 ParOldGen       total 21248K, used 12236K [0x93f00000, 0x953c0000, 0xa8d80000)
  object space 21248K, 57% used [0x93f00000,0x94af31a8,0x953c0000)
 PSPermGen       total 16384K, used 12059K [0x8ff00000, 0x90f00000, 0x93f00000)
  object space 16384K, 73% used [0x8ff00000,0x90ac6fa8,0x90f00000)
}
Event: 13.751 GC heap before
{Heap before GC invocations=7 (full 0):
 PSYoungGen      total 71936K, used 70171K [0xa8d80000, 0xadc00000, 0xb3500000)
  eden space 65024K, 100% used [0xa8d80000,0xacd00000,0xacd00000)
  from space 6912K, 74% used [0xad440000,0xad946db0,0xadb00000)
  to   space 7424K, 0% used [0xacd00000,0xacd00000,0xad440000)
 ParOldGen       total 21248K, used 12236K [0x93f00000, 0x953c0000, 0xa8d80000)
  object space 21248K, 57% used [0x93f00000,0x94af31a8,0x953c0000)
 PSPermGen       total 16384K, used 13242K [0x8ff00000, 0x90f00000, 0x93f00000)
  object space 16384K, 80% used [0x8ff00000,0x90bee8b0,0x90f00000)
Event: 13.811 GC heap after
Heap after GC invocations=7 (full 0):
 PSYoungGen      total 72448K, used 7410K [0xa8d80000, 0xb1f00000, 0xb3500000)
  eden space 65024K, 0% used [0xa8d80000,0xa8d80000,0xacd00000)
  from space 7424K, 99% used [0xacd00000,0xad43c9d0,0xad440000)
  to   space 9472K, 0% used [0xb15c0000,0xb15c0000,0xb1f00000)
 ParOldGen       total 21248K, used 14159K [0x93f00000, 0x953c0000, 0xa8d80000)
  object space 21248K, 66% used [0x93f00000,0x94cd3c68,0x953c0000)
 PSPermGen       total 16384K, used 13242K [0x8ff00000, 0x90f00000, 0x93f00000)
  object space 16384K, 80% used [0x8ff00000,0x90bee8b0,0x90f00000)
}
Event: 18.407 GC heap before
{Heap before GC invocations=8 (full 0):
 PSYoungGen      total 72448K, used 72434K [0xa8d80000, 0xb1f00000, 0xb3500000)
  eden space 65024K, 100% used [0xa8d80000,0xacd00000,0xacd00000)
  from space 7424K, 99% used [0xacd00000,0xad43c9d0,0xad440000)
  to   space 9472K, 0% used [0xb15c0000,0xb15c0000,0xb1f00000)
 ParOldGen       total 21248K, used 14159K [0x93f00000, 0x953c0000, 0xa8d80000)
  object space 21248K, 66% used [0x93f00000,0x94cd3c68,0x953c0000)
 PSPermGen       total 16384K, used 14225K [0x8ff00000, 0x90f00000, 0x93f00000)
  object space 16384K, 86% used [0x8ff00000,0x90ce46d8,0x90f00000)
Event: 18.498 GC heap after
Heap after GC invocations=8 (full 0):
 PSYoungGen      total 136704K, used 9459K [0xa8d80000, 0xb2480000, 0xb3500000)
  eden space 127232K, 0% used [0xa8d80000,0xa8d80000,0xb09c0000)
  from space 9472K, 99% used [0xb15c0000,0xb1efcf48,0xb1f00000)
  to   space 12288K, 0% used [0xb09c0000,0xb09c0000,0xb15c0000)
 ParOldGen       total 21248K, used 17015K [0x93f00000, 0x953c0000, 0xa8d80000)
  object space 21248K, 80% used [0x93f00000,0x94f9df68,0x953c0000)
 PSPermGen       total 16384K, used 14225K [0x8ff00000, 0x90f00000, 0x93f00000)
  object space 16384K, 86% used [0x8ff00000,0x90ce46d8,0x90f00000)
}
Event: 18.498 GC heap before
{Heap before GC invocations=9 (full 1):
 PSYoungGen      total 136704K, used 9459K [0xa8d80000, 0xb2480000, 0xb3500000)
  eden space 127232K, 0% used [0xa8d80000,0xa8d80000,0xb09c0000)
  from space 9472K, 99% used [0xb15c0000,0xb1efcf48,0xb1f00000)
  to   space 12288K, 0% used [0xb09c0000,0xb09c0000,0xb15c0000)
 ParOldGen       total 21248K, used 17015K [0x93f00000, 0x953c0000, 0xa8d80000)
  object space 21248K, 80% used [0x93f00000,0x94f9df68,0x953c0000)
 PSPermGen       total 16384K, used 14225K [0x8ff00000, 0x90f00000, 0x93f00000)
  object space 16384K, 86% used [0x8ff00000,0x90ce46d8,0x90f00000)
Event: 18.987 GC heap after
Heap after GC invocations=9 (full 1):
 PSYoungGen      total 136704K, used 0K [0xa8d80000, 0xb2480000, 0xb3500000)
  eden space 127232K, 0% used [0xa8d80000,0xa8d80000,0xb09c0000)
  from space 9472K, 0% used [0xb15c0000,0xb15c0000,0xb1f00000)
  to   space 12288K, 0% used [0xb09c0000,0xb09c0000,0xb15c0000)
 ParOldGen       total 38400K, used 20448K [0x93f00000, 0x96480000, 0xa8d80000)
  object space 38400K, 53% used [0x93f00000,0x952f8070,0x96480000)
 PSPermGen       total 28672K, used 14215K [0x8ff00000, 0x91b00000, 0x93f00000)
  object space 28672K, 49% used [0x8ff00000,0x90ce1f68,0x91b00000)
}
Event: 34.274 GC heap before
{Heap before GC invocations=10 (full 1):
 PSYoungGen      total 136704K, used 127232K [0xa8d80000, 0xb2480000, 0xb3500000)
  eden space 127232K, 100% used [0xa8d80000,0xb09c0000,0xb09c0000)
  from space 9472K, 0% used [0xb15c0000,0xb15c0000,0xb1f00000)
  to   space 12288K, 0% used [0xb09c0000,0xb09c0000,0xb15c0000)
 ParOldGen       total 38400K, used 20448K [0x93f00000, 0x96480000, 0xa8d80000)
  object space 38400K, 53% used [0x93f00000,0x952f8070,0x96480000)
 PSPermGen       total 28672K, used 21191K [0x8ff00000, 0x91b00000, 0x93f00000)
  object space 28672K, 73% used [0x8ff00000,0x913b1d60,0x91b00000)
Event: 34.323 GC heap after
Heap after GC invocations=10 (full 1):
 PSYoungGen      total 139520K, used 11611K [0xa8d80000, 0xb3500000, 0xb3500000)
  eden space 127232K, 0% used [0xa8d80000,0xa8d80000,0xb09c0000)
  from space 12288K, 94% used [0xb09c0000,0xb1516e18,0xb15c0000)
  to   space 14080K, 0% used [0xb2740000,0xb2740000,0xb3500000)
 ParOldGen       total 38400K, used 20580K [0x93f00000, 0x96480000, 0xa8d80000)
  object space 38400K, 53% used [0x93f00000,0x95319090,0x96480000)
 PSPermGen       total 28672K, used 21191K [0x8ff00000, 0x91b00000, 0x93f00000)
  object space 28672K, 73% used [0x8ff00000,0x913b1d60,0x91b00000)
}

